{"/Volumes/Workspace/Writing/Draft.dev/in-progress/Measuring Typescript Code Coverage with Jest and Github Actions/codecov-jest-github-actions/src/hello_world.ts": {"path":"/Volumes/Workspace/Writing/Draft.dev/in-progress/Measuring Typescript Code Coverage with Jest and Github Actions/codecov-jest-github-actions/src/hello_world.ts","all":false,"statementMap":{"0":{"start":{"line":1,"column":0},"end":{"line":1,"column":25}},"1":{"start":{"line":2,"column":0},"end":{"line":2,"column":0}},"2":{"start":{"line":3,"column":0},"end":{"line":3,"column":57}},"3":{"start":{"line":4,"column":0},"end":{"line":4,"column":25}},"4":{"start":{"line":5,"column":0},"end":{"line":5,"column":27}},"5":{"start":{"line":6,"column":0},"end":{"line":6,"column":5}},"6":{"start":{"line":7,"column":0},"end":{"line":7,"column":29}},"7":{"start":{"line":8,"column":0},"end":{"line":8,"column":1}}},"s":{"0":1,"1":1,"2":1,"3":1,"4":0,"5":0,"6":1,"7":1},"branchMap":{"0":{"type":"branch","line":3,"loc":{"start":{"line":3,"column":0},"end":{"line":8,"column":1}},"locations":[{"start":{"line":3,"column":0},"end":{"line":8,"column":1}}]},"1":{"type":"branch","line":4,"loc":{"start":{"line":4,"column":24},"end":{"line":6,"column":5}},"locations":[{"start":{"line":4,"column":24},"end":{"line":6,"column":5}}]}},"b":{"0":[1],"1":[0]},"fnMap":{"0":{"name":"hello","decl":{"start":{"line":3,"column":0},"end":{"line":8,"column":1}},"loc":{"start":{"line":3,"column":0},"end":{"line":8,"column":1}},"line":3}},"f":{"0":1}}
}
